[debug] ----------------------------------------------------------------------
[debug] Command:      /usr/local/bin/node /usr/local/bin/firebase serve
[debug] CLI Version:  3.0.0
[debug] Platform:     darwin
[debug] Node Version: v4.4.4
[debug] Time:         Sat May 21 2016 20:52:10 GMT-0700 (PDT)
[debug] ----------------------------------------------------------------------
[debug] 
[info] Starting Firebase development server...
[info] 
[info] Project Directory: /Users/michael/Devengage/Dashboard/engage-starter-P2-dashboard
[info] Public Directory: public
[info] 
[info] Server listening at: http://localhost:5000
[debug] ----------------------------------------------------------------------
[debug] Command:      /usr/local/bin/node /usr/local/bin/firebase serve
[debug] CLI Version:  3.0.0
[debug] Platform:     darwin
[debug] Node Version: v4.4.4
[debug] Time:         Sun May 22 2016 21:06:18 GMT-0600 (MDT)
[debug] ----------------------------------------------------------------------
[debug] 
[info] Starting Firebase development server...
[info] 
[info] Project Directory: /Users/michael/Devengage/Dashboard/engage-starter-P2-dashboard
[info] Public Directory: public
[info] 
[info] Server listening at: http://localhost:5000
